<?xml version="1.0" encoding="UTF-8"?>
<!DOCTYPE suite SYSTEM "http://testng.org/testng-1.0.dtd">

<suite name="Test Amazon Features" verbose="1" preserve-order="true">
 	
 	<test name="Amazon automation tests">
        <classes>
            <class name="amazon.automation.testRunners.HomePage_SearchModule_Runner"/>
            <!-- <class name="amazon.automation.testRunners.SignInPage_SignInModule_Runner"/> -->
            <class name="amazon.automation.testRunners.RunnerSupport"/><!--RunnerSupport is mandatory here -->
            
            <!--  -->
        </classes>
    </test>
  
</suite>