<?xml version="1.0" encoding="UTF-8"?>
<!-- Generated by org.testng.reporters.JUnitReportReporter -->
<testsuite hostname="SurajG" name="amazon.automation.testRunners.SignInPage_SignInModule_Runner" tests="1" failures="0" timestamp="13 Jul 2016 09:12:27 GMT" time="36.943" errors="0">
  <testcase name="run_cukes" time="36.943" classname="amazon.automation.testRunners.SignInPage_SignInModule_Runner"/>
</testsuite> <!-- amazon.automation.testRunners.SignInPage_SignInModule_Runner -->
