<?xml version="1.0" encoding="UTF-8"?>
<!-- Generated by org.testng.reporters.JUnitReportReporter -->
<testsuite hostname="SurajG" name="amazon.automation.testRunners.HomePage_SearchModule_Runner" tests="1" failures="0" timestamp="14 Jul 2016 09:03:03 GMT" time="54.996" errors="0">
  <testcase name="run_cukes" time="54.996" classname="amazon.automation.testRunners.HomePage_SearchModule_Runner"/>
</testsuite> <!-- amazon.automation.testRunners.HomePage_SearchModule_Runner -->
